<?xml version="1.0" encoding="UTF-8"?>
<!-- Generated by org.testng.reporters.JUnitReportReporter -->
<testsuite hostname="DESKTOP-E3FNQHB" failures="0" tests="1" name="com.project.test.Test_myinfo_001" time="11.251" errors="0" timestamp="2022-07-26T10:50:35 IST" skipped="0">
  <testcase classname="com.project.test.Test_myinfo_001" name="myinfo" time="11.251"/>
  <system-out/>
</testsuite> <!-- com.project.test.Test_myinfo_001 -->
