<?xml version="1.0" encoding="UTF-8"?>
<!-- Generated by org.testng.reporters.JUnitReportReporter -->
<testsuite hostname="DESKTOP-E3FNQHB" failures="0" tests="1" name="com.project.test.Test_logintest_001" time="4.423" errors="0" timestamp="2022-07-25T16:32:47 IST" skipped="0">
  <testcase classname="com.project.test.Test_logintest_001" name="logintest" time="4.423"/>
  <system-out/>
</testsuite> <!-- com.project.test.Test_logintest_001 -->
